<?xml version="1.0" encoding="UTF-8"?>
<!-- Generated by org.testng.reporters.JUnitReportReporter -->
<testsuite hostname="AD02012763" failures="0" tests="1" name="myasset1.GNB" time="161.982" errors="0" timestamp="2023-08-07T09:42:25 KST" skipped="0">
  <testcase classname="myasset1.GNB" name="C5631388" time="161.982"/>
  <system-out/>
</testsuite> <!-- myasset1.GNB -->
