<?xml version="1.0" encoding="UTF-8"?>
<!-- Generated by org.testng.reporters.JUnitReportReporter -->
<testsuite hostname="AD02012763" failures="0" tests="2" name="myasset3.deposit" time="35.538" errors="0" timestamp="2023-08-22T18:57:05 KST" skipped="0">
  <testcase classname="myasset3.deposit" name="PC_SAVINGS_019" time="15.224"/>
  <system-out/>
  <testcase classname="myasset3.deposit" name="PC_SAVINGS_020" time="20.314"/>
  <system-out/>
</testsuite> <!-- myasset3.deposit -->
