<?xml version="1.0" encoding="UTF-8"?>
<!-- Generated by org.testng.reporters.JUnitReportReporter -->
<testsuite hostname="AD02012763" failures="0" tests="1" name="myasset3.StoreCookieInfo" time="1.852" errors="0" timestamp="2023-08-22T18:40:58 KST" skipped="0">
  <testcase classname="myasset3.StoreCookieInfo" name="storeCookies" time="1.852"/>
  <system-out/>
</testsuite> <!-- myasset3.StoreCookieInfo -->
