<?xml version="1.0" encoding="UTF-8"?>
<!-- Generated by org.testng.reporters.JUnitReportReporter -->
<testsuite hostname="AD02012763" failures="0" tests="1" name="myasset3.LoadCookieInfo" time="1.957" errors="0" timestamp="2023-08-22T17:52:47 KST" skipped="0">
  <testcase classname="myasset3.LoadCookieInfo" name="loadCookies" time="1.957"/>
  <system-out/>
</testsuite> <!-- myasset3.LoadCookieInfo -->
